<?xml version="1.0" encoding="UTF-8"?>
<testsuite xmlns:xsi="http://www.w3.org/2001/XMLSchema-instance" xsi:noNamespaceSchemaLocation="https://maven.apache.org/surefire/maven-surefire-plugin/xsd/surefire-test-report-3.0.xsd" version="3.0" name="TestSuite" time="63.994" tests="4" errors="0" skipped="0" failures="3">
  <properties>
[...]
</properties>
  <testcase name="validLogin" classname="com.rideroundtrip.scripts.LoginTest" time="3.464">
    <failure message="expected [Sign In | RoundTrip] but found [Scheduled Trips | RoundTrip]" type="java.lang.AssertionError">java.lang.AssertionError: expected [Sign In | RoundTrip] but found [Scheduled Trips | RoundTrip]
	at com.rideroundtrip.scripts.LoginTest.validLogin(LoginTest.java:22)
</failure>
    <system-out><![CDATA[Suite Execution Started at Wed Mar 04 09:24:33 IST 2020
Chrome Launched...!
validLoginscript execution starts at Wed Mar 04 09:24:46 IST 2020
validLogin script is failed
Screenshot is captured
]]></system-out>
    <system-err><![CDATA[Starting ChromeDriver 80.0.3987.16 (320f6526c1632ad4f205ebce69b99a062ed78647-refs/branch-heads/3987@{#185}) on port 33584
Only local connections are allowed.
Please protect ports used by ChromeDriver and related test frameworks to prevent access by malicious code.
[1583294078.335][WARNING]: Timed out connecting to Chrome, retrying...
Mar 04, 2020 9:24:40 AM org.openqa.selenium.remote.ProtocolHandshake createSession
INFO: Detected dialect: W3C
[1583294082.232][SEVERE]: Timed out receiving message from renderer: 0.100
[1583294082.335][SEVERE]: Timed out receiving message from renderer: 0.100
[1583294082.437][SEVERE]: Timed out receiving message from renderer: 0.100
[1583294082.538][SEVERE]: Timed out receiving message from renderer: 0.100
[1583294082.640][SEVERE]: Timed out receiving message from renderer: 0.100
[1583294082.741][SEVERE]: Timed out receiving message from renderer: 0.100
[1583294082.842][SEVERE]: Timed out receiving message from renderer: 0.100
[1583294082.944][SEVERE]: Timed out receiving message from renderer: 0.100
[1583294083.045][SEVERE]: Timed out receiving message from renderer: 0.100
[1583294083.147][SEVERE]: Timed out receiving message from renderer: 0.100
[1583294083.248][SEVERE]: Timed out receiving message from renderer: 0.100
[1583294083.349][SEVERE]: Timed out receiving message from renderer: 0.100
[1583294083.451][SEVERE]: Timed out receiving message from renderer: 0.100
[1583294083.552][SEVERE]: Timed out receiving message from renderer: 0.100
[1583294083.653][SEVERE]: Timed out receiving message from renderer: 0.100
[1583294083.755][SEVERE]: Timed out receiving message from renderer: 0.100
[1583294083.857][SEVERE]: Timed out receiving message from renderer: 0.100
[1583294083.959][SEVERE]: Timed out receiving message from renderer: 0.100
[1583294084.060][SEVERE]: Timed out receiving message from renderer: 0.100
[1583294084.161][SEVERE]: Timed out receiving message from renderer: 0.100
[1583294084.262][SEVERE]: Timed out receiving message from renderer: 0.100
[1583294084.363][SEVERE]: Timed out receiving message from renderer: 0.100
[1583294084.464][SEVERE]: Timed out receiving message from renderer: 0.100
[1583294084.565][SEVERE]: Timed out receiving message from renderer: 0.100
[1583294084.667][SEVERE]: Timed out receiving message from renderer: 0.100
[1583294084.768][SEVERE]: Timed out receiving message from renderer: 0.100
[1583294084.869][SEVERE]: Timed out receiving message from renderer: 0.100
[1583294084.970][SEVERE]: Timed out receiving message from renderer: 0.100
[1583294085.071][SEVERE]: Timed out receiving message from renderer: 0.100
[1583294085.344][SEVERE]: Timed out receiving message from renderer: 0.100
[1583294085.676][SEVERE]: Timed out receiving message from renderer: 0.100
[1583294085.844][SEVERE]: Timed out receiving message from renderer: 0.100
[1583294085.945][SEVERE]: Timed out receiving message from renderer: 0.100
]]></system-err>
  </testcase>
  <testcase name="invalidLogin" classname="com.rideroundtrip.scripts.LoginTest" time="2.336"/>
  <testcase name="validSearch" classname="com.rideroundtrip.scripts.SearchPatientTest" time="2.625">
    <failure message="expected [Sign In | RoundTrip] but found [Scheduled Trips | RoundTrip]" type="java.lang.AssertionError">java.lang.AssertionError: expected [Sign In | RoundTrip] but found [Scheduled Trips | RoundTrip]
	at com.rideroundtrip.scripts.SearchPatientTest.validSearch(SearchPatientTest.java:20)
</failure>
    <system-out><![CDATA[Browser Closed
Suite Execution ended at Wed Mar 04 09:25:05 IST 2020
Total scripts passed 1
Total scripts failed 1
Total scripts skipped 0
Suite Execution Started at Wed Mar 04 09:25:05 IST 2020
Chrome Launched...!
validSearchscript execution starts at Wed Mar 04 09:25:17 IST 2020
validSearch script is failed
Screenshot is captured
]]></system-out>
    <system-err><![CDATA[Starting ChromeDriver 80.0.3987.16 (320f6526c1632ad4f205ebce69b99a062ed78647-refs/branch-heads/3987@{#185}) on port 17082
Only local connections are allowed.
Please protect ports used by ChromeDriver and related test frameworks to prevent access by malicious code.
[1583294109.025][WARNING]: Timed out connecting to Chrome, retrying...
Mar 04, 2020 9:25:11 AM org.openqa.selenium.remote.ProtocolHandshake createSession
INFO: Detected dialect: W3C
[1583294112.431][SEVERE]: Timed out receiving message from renderer: 0.100
[1583294112.532][SEVERE]: Timed out receiving message from renderer: 0.100
[1583294112.633][SEVERE]: Timed out receiving message from renderer: 0.100
[1583294112.734][SEVERE]: Timed out receiving message from renderer: 0.100
[1583294112.835][SEVERE]: Timed out receiving message from renderer: 0.100
[1583294112.936][SEVERE]: Timed out receiving message from renderer: 0.100
[1583294113.038][SEVERE]: Timed out receiving message from renderer: 0.100
[1583294113.139][SEVERE]: Timed out receiving message from renderer: 0.100
[1583294113.240][SEVERE]: Timed out receiving message from renderer: 0.100
[1583294113.342][SEVERE]: Timed out receiving message from renderer: 0.100
[1583294113.443][SEVERE]: Timed out receiving message from renderer: 0.100
[1583294113.544][SEVERE]: Timed out receiving message from renderer: 0.100
[1583294113.645][SEVERE]: Timed out receiving message from renderer: 0.100
[1583294113.747][SEVERE]: Timed out receiving message from renderer: 0.100
[1583294113.848][SEVERE]: Timed out receiving message from renderer: 0.100
[1583294113.949][SEVERE]: Timed out receiving message from renderer: 0.100
[1583294114.050][SEVERE]: Timed out receiving message from renderer: 0.100
[1583294114.152][SEVERE]: Timed out receiving message from renderer: 0.100
[1583294114.253][SEVERE]: Timed out receiving message from renderer: 0.100
[1583294114.354][SEVERE]: Timed out receiving message from renderer: 0.100
[1583294114.455][SEVERE]: Timed out receiving message from renderer: 0.100
[1583294114.556][SEVERE]: Timed out receiving message from renderer: 0.100
[1583294114.657][SEVERE]: Timed out receiving message from renderer: 0.100
[1583294114.759][SEVERE]: Timed out receiving message from renderer: 0.100
[1583294114.860][SEVERE]: Timed out receiving message from renderer: 0.100
[1583294114.962][SEVERE]: Timed out receiving message from renderer: 0.100
[1583294115.064][SEVERE]: Timed out receiving message from renderer: 0.100
[1583294115.165][SEVERE]: Timed out receiving message from renderer: 0.100
[1583294115.267][SEVERE]: Timed out receiving message from renderer: 0.100
[1583294115.368][SEVERE]: Timed out receiving message from renderer: 0.100
[1583294115.470][SEVERE]: Timed out receiving message from renderer: 0.100
[1583294115.571][SEVERE]: Timed out receiving message from renderer: 0.100
[1583294115.673][SEVERE]: Timed out receiving message from renderer: 0.100
[1583294115.774][SEVERE]: Timed out receiving message from renderer: 0.100
[1583294115.875][SEVERE]: Timed out receiving message from renderer: 0.100
[1583294116.441][SEVERE]: Timed out receiving message from renderer: 0.100
[1583294116.542][SEVERE]: Timed out receiving message from renderer: 0.100
[1583294116.643][SEVERE]: Timed out receiving message from renderer: 0.100
[1583294116.744][SEVERE]: Timed out receiving message from renderer: 0.100
[1583294116.845][SEVERE]: Timed out receiving message from renderer: 0.100
[1583294116.946][SEVERE]: Timed out receiving message from renderer: 0.100
[1583294119.549][SEVERE]: Timed out receiving message from renderer: 0.100
]]></system-err>
  </testcase>
  <testcase name="invalidSearch" classname="com.rideroundtrip.scripts.SearchPatientTest" time="2.622">
    <failure message="expected [Sign In | RoundTrip] but found [Scheduled Trips | RoundTrip]" type="java.lang.AssertionError">java.lang.AssertionError: expected [Sign In | RoundTrip] but found [Scheduled Trips | RoundTrip]
	at com.rideroundtrip.scripts.SearchPatientTest.invalidSearch(SearchPatientTest.java:36)
</failure>
    <system-out><![CDATA[Browser Closed
Chrome Launched...!
invalidSearchscript execution starts at Wed Mar 04 09:25:31 IST 2020
invalidSearch script is failed
Screenshot is captured
]]></system-out>
    <system-err><![CDATA[Starting ChromeDriver 80.0.3987.16 (320f6526c1632ad4f205ebce69b99a062ed78647-refs/branch-heads/3987@{#185}) on port 26356
Only local connections are allowed.
Please protect ports used by ChromeDriver and related test frameworks to prevent access by malicious code.
[1583294123.666][WARNING]: Timed out connecting to Chrome, retrying...
Mar 04, 2020 9:25:25 AM org.openqa.selenium.remote.ProtocolHandshake createSession
INFO: Detected dialect: W3C
[1583294127.081][SEVERE]: Timed out receiving message from renderer: 0.100
[1583294127.183][SEVERE]: Timed out receiving message from renderer: 0.100
[1583294127.284][SEVERE]: Timed out receiving message from renderer: 0.100
[1583294127.385][SEVERE]: Timed out receiving message from renderer: 0.100
[1583294127.486][SEVERE]: Timed out receiving message from renderer: 0.100
[1583294127.588][SEVERE]: Timed out receiving message from renderer: 0.100
[1583294127.689][SEVERE]: Timed out receiving message from renderer: 0.100
[1583294127.790][SEVERE]: Timed out receiving message from renderer: 0.100
[1583294127.891][SEVERE]: Timed out receiving message from renderer: 0.100
[1583294127.992][SEVERE]: Timed out receiving message from renderer: 0.100
[1583294128.093][SEVERE]: Timed out receiving message from renderer: 0.100
[1583294128.195][SEVERE]: Timed out receiving message from renderer: 0.100
[1583294128.297][SEVERE]: Timed out receiving message from renderer: 0.100
[1583294128.398][SEVERE]: Timed out receiving message from renderer: 0.100
[1583294128.499][SEVERE]: Timed out receiving message from renderer: 0.100
[1583294128.601][SEVERE]: Timed out receiving message from renderer: 0.100
[1583294128.702][SEVERE]: Timed out receiving message from renderer: 0.100
[1583294128.804][SEVERE]: Timed out receiving message from renderer: 0.100
[1583294128.905][SEVERE]: Timed out receiving message from renderer: 0.100
[1583294129.006][SEVERE]: Timed out receiving message from renderer: 0.100
[1583294129.107][SEVERE]: Timed out receiving message from renderer: 0.100
[1583294129.209][SEVERE]: Timed out receiving message from renderer: 0.100
[1583294129.310][SEVERE]: Timed out receiving message from renderer: 0.100
[1583294129.411][SEVERE]: Timed out receiving message from renderer: 0.100
[1583294129.512][SEVERE]: Timed out receiving message from renderer: 0.100
[1583294129.614][SEVERE]: Timed out receiving message from renderer: 0.100
[1583294129.715][SEVERE]: Timed out receiving message from renderer: 0.100
[1583294129.817][SEVERE]: Timed out receiving message from renderer: 0.100
[1583294129.918][SEVERE]: Timed out receiving message from renderer: 0.100
[1583294130.020][SEVERE]: Timed out receiving message from renderer: 0.100
[1583294130.121][SEVERE]: Timed out receiving message from renderer: 0.100
[1583294130.222][SEVERE]: Timed out receiving message from renderer: 0.100
[1583294130.323][SEVERE]: Timed out receiving message from renderer: 0.100
[1583294130.425][SEVERE]: Timed out receiving message from renderer: 0.100
[1583294130.527][SEVERE]: Timed out receiving message from renderer: 0.100
[1583294130.628][SEVERE]: Timed out receiving message from renderer: 0.100
[1583294131.192][SEVERE]: Timed out receiving message from renderer: 0.100
[1583294131.293][SEVERE]: Timed out receiving message from renderer: 0.100
[1583294131.395][SEVERE]: Timed out receiving message from renderer: 0.100
[1583294131.496][SEVERE]: Timed out receiving message from renderer: 0.100
[1583294131.597][SEVERE]: Timed out receiving message from renderer: 0.100
[1583294133.038][SEVERE]: Timed out receiving message from renderer: 0.100
]]></system-err>
  </testcase>
</testsuite>